<?xml version="1.0" encoding="UTF-8"?>
<!-- Generated by org.testng.reporters.JUnitXMLReporter -->
<testsuite ignored="0" hostname="DESKTOP-3CNBKPE" failures="2" tests="3" name="BankingTest(failed)" time="44.166" errors="0" timestamp="2023-12-31T18:02:32 IST">
  <testcase classname="com.eBanking.testCases.TC_LoginTest02" name="loginDDT" time="2.742">
    <failure type="java.lang.AssertionError">
      <![CDATA[java.lang.AssertionError
at org.junit.Assert.fail(Assert.java:86)
at org.junit.Assert.assertTrue(Assert.java:41)
at org.junit.Assert.assertTrue(Assert.java:52)
at com.eBanking.testCases.TC_LoginTest02.loginDDT(TC_LoginTest02.java:26)
at java.base/java.util.ArrayList.forEach(ArrayList.java:1511)
... Removed 27 stack frames]]>
    </failure>
  </testcase> <!-- loginDDT -->
  <testcase classname="com.eBanking.testCases.TC_LoginTest02" name="loginDDT" time="3.16">
    <failure type="java.lang.AssertionError">
      <![CDATA[java.lang.AssertionError
at org.junit.Assert.fail(Assert.java:86)
at org.junit.Assert.assertTrue(Assert.java:41)
at org.junit.Assert.assertTrue(Assert.java:52)
at com.eBanking.testCases.TC_LoginTest02.loginDDT(TC_LoginTest02.java:26)
at java.base/java.util.ArrayList.forEach(ArrayList.java:1511)
... Removed 27 stack frames]]>
    </failure>
  </testcase> <!-- loginDDT -->
  <testcase classname="com.eBanking.testCases.TC_AddCustomer" name="addCustomer" time="16.957"/>
</testsuite> <!-- BankingTest(failed) -->
