<?xml version="1.0" encoding="UTF-8"?>
<testng-results ignored="0" total="1" passed="1" failed="0" skipped="0">
  <reporter-output>
  </reporter-output>
  <suite started-at="2023-12-26T22:19:01 IST" name="Default suite" finished-at="2023-12-26T22:19:11 IST" duration-ms="9563">
    <groups>
    </groups>
    <test started-at="2023-12-26T22:19:01 IST" name="Default test" finished-at="2023-12-26T22:19:11 IST" duration-ms="9563">
      <class name="com.eBanking.testCases.TC_LoginTest">
        <test-method is-config="true" signature="setup()[pri:0, instance:com.eBanking.testCases.TC_LoginTest@a3d8174]" started-at="2023-12-26T22:19:01 IST" name="setup" finished-at="2023-12-26T22:19:05 IST" duration-ms="3571" status="PASS">
          <reporter-output>
          </reporter-output>
        </test-method> <!-- setup -->
        <test-method signature="loginTest()[pri:0, instance:com.eBanking.testCases.TC_LoginTest@a3d8174]" started-at="2023-12-26T22:19:05 IST" name="loginTest" finished-at="2023-12-26T22:19:10 IST" duration-ms="5547" status="PASS">
          <reporter-output>
          </reporter-output>
        </test-method> <!-- loginTest -->
        <test-method is-config="true" signature="tearDown()[pri:0, instance:com.eBanking.testCases.TC_LoginTest@a3d8174]" started-at="2023-12-26T22:19:10 IST" name="tearDown" finished-at="2023-12-26T22:19:11 IST" duration-ms="392" status="PASS">
          <reporter-output>
          </reporter-output>
        </test-method> <!-- tearDown -->
      </class> <!-- com.eBanking.testCases.TC_LoginTest -->
    </test> <!-- Default test -->
  </suite> <!-- Default suite -->
</testng-results>
